[07-Dec-2015 15:57:48] Warning at framework/view/SSViewer.php line 788: None of the following templates could be found in theme "one-ring": TileBlock.ss (http://ss.dev/?flushtoken=c6af54e89064d8c30ee595eb311e1b2c&flush=all)
[07-Dec-2015 15:57:48] Warning at framework/view/SSViewer.php line 1076: file_get_contents(): Filename cannot be empty (http://ss.dev/?flushtoken=c6af54e89064d8c30ee595eb311e1b2c&flush=all)
[07-Dec-2015 15:58:36] Warning at framework/view/SSViewer.php line 788: None of the following templates could be found in theme "one-ring": TileBlock.ss (http://ss.dev/?flushtoken=7fc1128e3bf6190a720a6fbd669b337e&flush=all)
[07-Dec-2015 15:58:36] Warning at framework/view/SSViewer.php line 1076: file_get_contents(): Filename cannot be empty (http://ss.dev/?flushtoken=7fc1128e3bf6190a720a6fbd669b337e&flush=all)
[07-Dec-2015 16:03:10] Warning at framework/view/SSViewer.php line 788: None of the following templates could be found in theme "one-ring": TileBlock.ss (http://ss.dev/)
[07-Dec-2015 16:04:32] Warning at framework/view/SSViewer.php line 788: None of the following templates could be found in theme "one-ring": TileBlock.ss (http://ss.dev/find-a-rental/)
[07-Dec-2015 16:04:36] Warning at framework/view/SSViewer.php line 788: None of the following templates could be found in theme "one-ring": TileBlock.ss (http://ss.dev/find-a-rental/)
[07-Dec-2015 16:04:46] Warning at framework/view/SSViewer.php line 788: None of the following templates could be found in theme "one-ring": TileBlock.ss (http://ss.dev/find-a-rental/?flush=1&flushtoken=d2535977b808ff07d6b274d04612b5e3)
[07-Dec-2015 16:04:46] Warning at framework/view/SSViewer.php line 1076: file_get_contents(): Filename cannot be empty (http://ss.dev/find-a-rental/?flush=1&flushtoken=d2535977b808ff07d6b274d04612b5e3)
[07-Dec-2015 16:04:56] Warning at framework/view/SSViewer.php line 788: None of the following templates could be found in theme "one-ring": TileBlock.ss (http://ss.dev/find-a-rental/?flush=all&flushtoken=db4c350f18baf6ef5550cb470e7f2f21)
[07-Dec-2015 16:04:56] Warning at framework/view/SSViewer.php line 1076: file_get_contents(): Filename cannot be empty (http://ss.dev/find-a-rental/?flush=all&flushtoken=db4c350f18baf6ef5550cb470e7f2f21)
[07-Dec-2015 16:05:08] Warning at framework/view/SSViewer.php line 788: None of the following templates could be found in theme "one-ring": TileBlock.ss (http://ss.dev/find-a-rental/)
[07-Dec-2015 16:06:31] Warning at framework/view/SSViewer.php line 788: None of the following templates could be found in theme "one-ring": TileBlock.ss (http://ss.dev/find-a-rental/?block_preview=1)
[07-Dec-2015 16:07:05] Warning at framework/view/SSViewer.php line 788: None of the following templates could be found in theme "one-ring": TileBlock.ss (http://ss.dev/find-a-rental/?block_preview=1)
[07-Dec-2015 16:07:13] Warning at framework/view/SSViewer.php line 788: None of the following templates could be found in theme "one-ring": TileBlock.ss (http://ss.dev/find-a-rental)
[07-Dec-2015 16:07:18] Warning at framework/view/SSViewer.php line 788: None of the following templates could be found in theme "one-ring": TileBlock.ss (http://ss.dev/find-a-rental)
[07-Dec-2015 16:07:28] Warning at framework/view/SSViewer.php line 788: None of the following templates could be found in theme "one-ring": TileBlock.ss (http://ss.dev/find-a-rental/?flush=all&flushtoken=7f0905bf6798dab448a29b635da56770)
[07-Dec-2015 16:07:28] Warning at framework/view/SSViewer.php line 1076: file_get_contents(): Filename cannot be empty (http://ss.dev/find-a-rental/?flush=all&flushtoken=7f0905bf6798dab448a29b635da56770)
[07-Dec-2015 16:08:22] Warning at framework/view/SSViewer.php line 788: None of the following templates could be found in theme "one-ring": TileBlock.ss (http://ss.dev/find-a-rental)
[07-Dec-2015 16:08:25] Warning at framework/view/SSViewer.php line 788: None of the following templates could be found in theme "one-ring": TileBlock.ss (http://ss.dev/find-a-rental)
[07-Dec-2015 16:08:27] Warning at framework/view/SSViewer.php line 788: None of the following templates could be found in theme "one-ring": TileBlock.ss (http://ss.dev/find-a-rental)
[08-Dec-2015 07:41:10] Warning at framework/view/SSViewer.php line 788: None of the following templates could be found in theme "one-ring": TileBlock.ss (http://ss.dev/find-a-rental/?flushtoken=dfe71b70a8c8ec4fd93efab4b6512e11&flush=all)
[08-Dec-2015 07:41:10] Warning at framework/view/SSViewer.php line 1076: file_get_contents(): Filename cannot be empty (http://ss.dev/find-a-rental/?flushtoken=dfe71b70a8c8ec4fd93efab4b6512e11&flush=all)
[08-Dec-2015 07:43:02] Warning at framework/view/SSViewer.php line 788: None of the following templates could be found in theme "one-ring": TileBlock.ss (http://ss.dev/find-a-rental/?flushtoken=599c7876d43a95c8dc11e1d7c11a334a&flush=all)
[08-Dec-2015 07:43:02] Warning at framework/view/SSViewer.php line 1076: file_get_contents(): Filename cannot be empty (http://ss.dev/find-a-rental/?flushtoken=599c7876d43a95c8dc11e1d7c11a334a&flush=all)
[08-Dec-2015 07:44:05] Warning at framework/view/SSViewer.php line 788: None of the following templates could be found in theme "one-ring": TileBlock.ss (http://ss.dev/find-a-rental/?flushtoken=a14629b0bf7241a4f67901d0a8c538f4&flush=all)
[08-Dec-2015 07:44:05] Warning at framework/view/SSViewer.php line 1076: file_get_contents(): Filename cannot be empty (http://ss.dev/find-a-rental/?flushtoken=a14629b0bf7241a4f67901d0a8c538f4&flush=all)
[08-Dec-2015 07:45:53] Warning at framework/view/SSViewer.php line 788: None of the following templates could be found in theme "one-ring": TileBlock.ss (http://ss.dev/find-a-rental/?flushtoken=1bb4d70572b3f26fa5c011c95a40c492&flush=all)
[08-Dec-2015 07:45:53] Warning at framework/view/SSViewer.php line 1076: file_get_contents(): Filename cannot be empty (http://ss.dev/find-a-rental/?flushtoken=1bb4d70572b3f26fa5c011c95a40c492&flush=all)
[11-Jan-2016 08:38:54] Error at framework/core/Object.php line 763: Uncaught Exception: Object->__call(): the method 'redireceback' does not exist on 'ArticlePage_Controller' (http://ss.dev/travel-guides/london/CommentForm)
[11-Jan-2016 08:39:56] Error at framework/core/Object.php line 763: Uncaught Exception: Object->__call(): the method 'redireceback' does not exist on 'ArticlePage_Controller' (http://ss.dev/travel-guides/london/CommentForm)
[11-Jan-2016 08:40:57] Error at framework/core/Object.php line 763: Uncaught Exception: Object->__call(): the method 'redireceback' does not exist on 'ArticlePage_Controller' (http://ss.dev/travel-guides/london/CommentForm)
[12-Jan-2016 07:41:08] Error at framework/core/Object.php line 763: Uncaught Exception: Object->__call(): the method 'addextraclass' does not exist on 'FieldList' (http://ss.dev/travel-guides/london?flushtoken=5037b01dbe734dc8246484e2de3fc25e&flush=)
[12-Jan-2016 07:41:24] Error at framework/core/Object.php line 763: Uncaught Exception: Object->__call(): the method 'addextraclass' does not exist on 'FieldList' (http://ss.dev/travel-guides/london?flush=&flushtoken=dc384e6ef74f4d07729756e0fb1be820)
[12-Jan-2016 07:41:29] Error at framework/core/Object.php line 763: Uncaught Exception: Object->__call(): the method 'addextraclass' does not exist on 'FieldList' (http://ss.dev/travel-guides/london)
[12-Jan-2016 07:48:19] Error at framework/core/Object.php line 763: Uncaught Exception: Object->__call(): the method 'redireceback' does not exist on 'ArticlePage_Controller' (http://ss.dev/travel-guides/london/CommentForm)
[13-Jan-2016 13:33:57] Warning at framework/forms/DropdownField.php line 270: Missing argument 1 for DropdownField::setEmptyString(), called in /home/dev/projects/ss-tutorial/mysite/code/dataobjects/Property.php on line 35 and defined (http://ss.dev/admin/properties/Property/EditForm/field/Property/item/new)
[13-Jan-2016 13:34:08] Warning at framework/forms/DropdownField.php line 270: Missing argument 1 for DropdownField::setEmptyString(), called in /home/dev/projects/ss-tutorial/mysite/code/dataobjects/Property.php on line 35 and defined (http://ss.dev/admin/properties/Property/EditForm/field/Property/item/new)
[14-Jan-2016 08:16:59] Error at framework/model/MySQLDatabase.php line 598: Couldn't run query: 
SELECT DISTINCT "SiteTree_Live"."ClassName", "SiteTree_Live"."Created", "SiteTree_Live"."LastEdited", "SiteTree_Live"."URLSegment", "SiteTree_Live"."Title", "SiteTree_Live"."MenuTitle", "SiteTree_Live"."Content", "SiteTree_Live"."MetaDescription", "SiteTree_Live"."ExtraMeta", "SiteTree_Live"."ShowInMenus", "SiteTree_Live"."ShowInSearch", "SiteTree_Live"."Sort", "SiteTree_Live"."HasBrokenFile", "SiteTree_Live"."HasBrokenLink", "SiteTree_Live"."ReportClass", "SiteTree_Live"."CanViewType", "SiteTree_Live"."CanEditType", "SiteTree_Live"."InheritBlockSets", "SiteTree_Live"."Version", "SiteTree_Live"."ParentID", "SiteTree_Live"."ID", CASE WHEN "SiteTree_Live"."ClassName" IS NOT NULL THEN "SiteTree_Live"."ClassName" ELSE 'SiteTree' END AS "RecordClassName"
FROM "SiteTree_Live"
WHERE ("SiteTree_Live"."URLSegment" = 'home' AND "SiteTree_Live"."ParentID" = 0)
ORDER BY "SiteTree_Live"."Sort" ASC
LIMIT 1 

Unknown column 'SiteTree_Live.InheritBlockSets' in 'field list' (http://ss.dev/)
[14-Jan-2016 08:17:04] Error at framework/model/MySQLDatabase.php line 598: Couldn't run query: 
SELECT DISTINCT "SiteTree_Live"."ClassName", "SiteTree_Live"."Created", "SiteTree_Live"."LastEdited", "SiteTree_Live"."URLSegment", "SiteTree_Live"."Title", "SiteTree_Live"."MenuTitle", "SiteTree_Live"."Content", "SiteTree_Live"."MetaDescription", "SiteTree_Live"."ExtraMeta", "SiteTree_Live"."ShowInMenus", "SiteTree_Live"."ShowInSearch", "SiteTree_Live"."Sort", "SiteTree_Live"."HasBrokenFile", "SiteTree_Live"."HasBrokenLink", "SiteTree_Live"."ReportClass", "SiteTree_Live"."CanViewType", "SiteTree_Live"."CanEditType", "SiteTree_Live"."InheritBlockSets", "SiteTree_Live"."Version", "SiteTree_Live"."ParentID", "SiteTree_Live"."ID", CASE WHEN "SiteTree_Live"."ClassName" IS NOT NULL THEN "SiteTree_Live"."ClassName" ELSE 'SiteTree' END AS "RecordClassName"
FROM "SiteTree_Live"
WHERE ("SiteTree_Live"."URLSegment" = 'home' AND "SiteTree_Live"."ParentID" = 0)
ORDER BY "SiteTree_Live"."Sort" ASC
LIMIT 1 

Unknown column 'SiteTree_Live.InheritBlockSets' in 'field list' (http://ss.dev/)
